<?xml version="1.0" encoding="UTF-8"?>
<!-- Generated by org.testng.reporters.JUnitXMLReporter -->
<testsuite hostname="DESKTOP-JFJ5P9L" ignored="0" name="Default test" tests="5" failures="0" timestamp="28 Sep 2019 13:54:49 GMT" time="77.067" errors="0">
  <testcase name="browser" time="13.594" classname="selenium.Flipkart"/>
  <testcase name="readCredentials" time="10.411" classname="selenium.Flipkart"/>
  <testcase name="cart" time="30.027" classname="selenium.Flipkart"/>
  <testcase name="sikuliMethod" time="14.616" classname="selenium.Flipkart"/>
  <testcase name="addToCart" time="7.634" classname="selenium.Flipkart"/>
</testsuite> <!-- Default test -->
