<?xml version="1.0" encoding="UTF-8"?>
<!-- Generated by org.testng.reporters.JUnitXMLReporter -->
<testsuite hostname="DESKTOP-JFJ5P9L" ignored="0" name="Test" tests="5" failures="2" timestamp="28 Sep 2019 14:24:51 GMT" time="93.738" errors="0">
  <testcase name="browser" time="14.114" classname="selenium.Flipkart"/>
  <testcase name="readCredentials" time="5.306" classname="selenium.Flipkart"/>
  <testcase name="cart" time="31.287" classname="selenium.Flipkart"/>
  <testcase name="sikuliMethod" time="41.07" classname="selenium.Flipkart">
    <failure type="org.sikuli.script.FindFailed" message="can not find P(C:/Users/Prakhar Fanse/Documents/workspace-spring-tool-suite-4-4.3.2.RELEASE/TestingProject/TestData/Phone.JPG) S: 0.7 in S(0)[0,0 1920x1080]">
      <![CDATA[FindFailed: can not find P(C:/Users/Prakhar Fanse/Documents/workspace-spring-tool-suite-4-4.3.2.RELEASE/TestingProject/TestData/Phone.JPG) S: 0.7 in S(0)[0,0 1920x1080]
  Line 2189, in file Region.java

at org.sikuli.script.Region.handleFindFailedShowDialog(Region.java:2189)
at org.sikuli.script.Region.handleFindFailed(Region.java:2134)
at org.sikuli.script.Region.wait(Region.java:2546)
at org.sikuli.script.Region.find(Region.java:2205)
at org.sikuli.script.Region.getLocationFromTarget(Region.java:3067)
at org.sikuli.script.Region.click(Region.java:3534)
at org.sikuli.script.Region.click(Region.java:3519)
at selenium.Flipkart.sikuliMethod(Flipkart.java:88)
... Removed 25 stack frames]]>
    </failure>
  </testcase> <!-- sikuliMethod -->
  <testcase name="addToCart" time="0.163" classname="selenium.Flipkart">
    <failure type="java.lang.IndexOutOfBoundsException" message="Index: 1, Size: 1">
      <![CDATA[java.lang.IndexOutOfBoundsException: Index: 1, Size: 1
at java.util.ArrayList.rangeCheck(Unknown Source)
at java.util.ArrayList.get(Unknown Source)
at selenium.Flipkart.addToCart(Flipkart.java:97)
... Removed 25 stack frames]]>
    </failure>
  </testcase> <!-- addToCart -->
</testsuite> <!-- Test -->
